<?xml version="1.0" encoding="UTF-8"?>
<testng-results total="1" passed="1" failed="0" skipped="0">
  <reporter-output>
  </reporter-output>
  <suite started-at="2022-03-02T16:47:37Z" name="Default suite" finished-at="2022-03-02T16:47:54Z" duration-ms="17195">
    <groups>
    </groups>
    <test started-at="2022-03-02T16:47:37Z" name="Default test" finished-at="2022-03-02T16:47:54Z" duration-ms="17195">
      <class name="com.rest.responseSpecification.ResponseSpecificationIntro">
        <test-method signature="responseLoging()[pri:0, instance:com.rest.responseSpecification.ResponseSpecificationIntro@f79e]" started-at="2022-03-02T22:17:37Z" name="responseLoging" finished-at="2022-03-02T22:17:54Z" duration-ms="17158" status="PASS">
          <reporter-output>
          </reporter-output>
        </test-method> <!-- responseLoging -->
      </class> <!-- com.rest.responseSpecification.ResponseSpecificationIntro -->
    </test> <!-- Default test -->
  </suite> <!-- Default suite -->
</testng-results>
