<?xml version="1.0" encoding="UTF-8"?>
<testng-results total="1" passed="1" failed="0" skipped="0">
  <reporter-output>
  </reporter-output>
  <suite started-at="2022-02-17T17:19:56Z" name="Default suite" finished-at="2022-02-17T17:20:03Z" duration-ms="7019">
    <groups>
    </groups>
    <test started-at="2022-02-17T17:19:56Z" name="Default test" finished-at="2022-02-17T17:20:03Z" duration-ms="7019">
      <class name="com.rest.handlingHeaders.MockServerMultipleHeadersInRequest">
        <test-method signature="multipleHeaderProcessing()[pri:0, instance:com.rest.handlingHeaders.MockServerMultipleHeadersInRequest@f79e]" started-at="2022-02-17T22:49:56Z" name="multipleHeaderProcessing" finished-at="2022-02-17T22:50:03Z" duration-ms="6956" status="PASS">
          <reporter-output>
          </reporter-output>
        </test-method> <!-- multipleHeaderProcessing -->
      </class> <!-- com.rest.handlingHeaders.MockServerMultipleHeadersInRequest -->
    </test> <!-- Default test -->
  </suite> <!-- Default suite -->
</testng-results>
